<?xml version="1.0" encoding="UTF-8"?>
<!-- Generated by org.testng.reporters.JUnitReportReporter -->
<testsuite hostname="DESKTOP-T871AQ9" failures="0" tests="1"
	name="task1.Addtocart" time="16.894" errors="0"
	timestamp="2024-08-31T15:04:00 IST" skipped="0">
	<testcase classname="task1.Addtocart" name="addToCart" time="16.894" />
	<system-out />
</testsuite> <!-- task1.Addtocart -->
