<?xml version="1.0" encoding="UTF-8"?>
<!-- Generated by org.testng.reporters.JUnitReportReporter -->
<testsuite hostname="DESKTOP-T871AQ9" failures="0" tests="3" name="task1.Flipcart" time="98.251" errors="0" timestamp="2024-08-31T11:04:06 IST" skipped="0">
  <testcase classname="task1.Flipcart" name="testOpencart" time="13.262"/>
  <system-out/>
  <testcase classname="task1.Flipcart" name="testOpencart" time="65.187"/>
  <system-out/>
  <testcase classname="task1.Flipcart" name="testOpencart" time="19.802"/>
  <system-out/>
</testsuite> <!-- task1.Flipcart -->
